<?xml version="1.0" encoding="UTF-8"?>
<!-- Generated by org.testng.reporters.JUnitReportReporter -->
<testsuite hostname="DESKTOP-M8885M1" failures="0" tests="4" name="testcase.DataProviderDemoTest" time="0.022" errors="0" timestamp="2024-12-09T16:39:11 IST" skipped="0">
  <testcase classname="testcase.DataProviderDemoTest" name="testDataProvider" time="0.004"/>
  <testcase classname="testcase.DataProviderDemoTest" name="testDataProvider" time="0.004"/>
  <testcase classname="testcase.DataProviderDemoTest" name="testDataProvider" time="0.005"/>
  <testcase classname="testcase.DataProviderDemoTest" name="testDataProvider" time="0.009"/>
</testsuite> <!-- testcase.DataProviderDemoTest -->
