<?xml version="1.0" encoding="UTF-8"?>
<!-- Generated by org.testng.reporters.JUnitReportReporter -->
<testsuite hostname="DESKTOP-M8885M1" failures="0" tests="3" name="testcase.SkipDemoTest" time="0.017" errors="0" timestamp="2024-12-09T14:19:16 IST" skipped="3">
  <testcase classname="testcase.SkipDemoTest" name="skipTest123" time="0.002">
    <skipped/>
  </testcase> <!-- skipTest123 -->
  <testcase classname="testcase.SkipDemoTest" name="skipTest12" time="0.015">
    <skipped/>
  </testcase> <!-- skipTest12 -->
  <testcase classname="testcase.SkipDemoTest" name="skipTest1">
    <skipped/>
  </testcase> <!-- skipTest1 -->
</testsuite> <!-- testcase.SkipDemoTest -->
