<?xml version="1.0" encoding="UTF-8"?>
<!-- Generated by org.testng.reporters.JUnitReportReporter -->
<testsuite hostname="DESKTOP-M8885M1" failures="0" tests="1" name="testcase.ScreenshotCpaturing" time="7.279" errors="0" timestamp="2024-12-23T17:04:45 IST" skipped="0">
  <testcase classname="testcase.ScreenshotCpaturing" name="runningSS" time="7.279"/>
</testsuite> <!-- testcase.ScreenshotCpaturing -->
