<?xml version="1.0" encoding="UTF-8"?>
<!-- Generated by org.testng.reporters.JUnitReportReporter -->
<testsuite hostname="DESKTOP-M8885M1" failures="0" tests="1" name="testcase.GroupDemoTest" time="0.008" errors="0" timestamp="2024-12-09T16:14:53 IST" skipped="0">
  <testcase classname="testcase.GroupDemoTest" name="beforeGroup" time="0.008"/>
</testsuite> <!-- testcase.GroupDemoTest -->
