<?xml version="1.0" encoding="UTF-8"?>
<!-- Generated by org.testng.reporters.JUnitReportReporter -->
<testsuite hostname="DESKTOP-M8885M1" failures="0" tests="1" name="testcase.ListnerDemoTest" time="10.389" errors="0" timestamp="2024-12-10T14:25:46 IST" skipped="0">
  <testcase classname="testcase.ListnerDemoTest" name="launachapp" time="10.389"/>
</testsuite> <!-- testcase.ListnerDemoTest -->
