<?xml version="1.0" encoding="UTF-8"?>
<!-- Generated by org.testng.reporters.JUnitReportReporter -->
<testsuite hostname="DESKTOP-M8885M1" failures="0" tests="2" name="testcase.LoginTest" time="0.008" errors="0" timestamp="2024-12-05T14:52:16 IST" skipped="0">
  <testcase classname="testcase.LoginTest" name="psvm" time="0.003"/>
  <testcase classname="testcase.LoginTest" name="fsvm2" time="0.005"/>
</testsuite> <!-- testcase.LoginTest -->
