<?xml version="1.0" encoding="UTF-8"?>
<!-- Generated by org.testng.reporters.JUnitReportReporter -->
<testsuite hostname="DESKTOP-M8885M1" failures="0" tests="3" name="testcase.RestAssuredTesting.HttpRequests" time="4.625" errors="0" timestamp="2024-12-25T21:54:26 IST" skipped="0">
  <testcase classname="testcase.RestAssuredTesting.HttpRequests" name="getUSer" time="3.251"/>
  <testcase classname="testcase.RestAssuredTesting.HttpRequests" name="createUser" time="0.829"/>
  <testcase classname="testcase.RestAssuredTesting.HttpRequests" name="updateUser" time="0.545"/>
</testsuite> <!-- testcase.RestAssuredTesting.HttpRequests -->
