<?xml version="1.0" encoding="UTF-8"?>
<!-- Generated by org.testng.reporters.JUnitReportReporter -->
<testsuite hostname="DESKTOP-M8885M1" failures="0" tests="3" name="testcase.ReportsTest" time="0.017" errors="0" timestamp="2024-12-10T22:35:58 IST" skipped="0">
  <testcase classname="testcase.ReportsTest" name="ReportsTest3" time="0.002">
    <system-out>
      <![CDATA[Method name is ReportsTest3
it is ReportsTest3
Method name is 1]]>
    </system-out>
  </testcase> <!-- ReportsTest3 -->
  <testcase classname="testcase.ReportsTest" name="ReportsTest1" time="0.011">
    <system-out>
      <![CDATA[Method name is ReportsTest1
it is ReportsTest1
Method name is 1]]>
    </system-out>
  </testcase> <!-- ReportsTest1 -->
  <testcase classname="testcase.ReportsTest" name="ReportsTest2" time="0.004">
    <system-out>
      <![CDATA[Method name is ReportsTest2
it is ReportsTest2
Method name is 1]]>
    </system-out>
  </testcase> <!-- ReportsTest2 -->
  <system-out>
    <![CDATA[Method name is ReportsTest1
it is ReportsTest1
Method name is 1
Method name is ReportsTest2
it is ReportsTest2
Method name is 1
Method name is ReportsTest3
it is ReportsTest3
Method name is 1]]>
  </system-out>
</testsuite> <!-- testcase.ReportsTest -->
