<?xml version="1.0" encoding="UTF-8"?>
<!-- Generated by org.testng.reporters.JUnitReportReporter -->
<testsuite hostname="DESKTOP-M8885M1" failures="0" tests="1" name="testcase.AssesmnetTest" time="10.548" errors="0" timestamp="2024-12-26T21:39:05 IST" skipped="0">
  <testcase classname="testcase.AssesmnetTest" name="openBrowser" time="10.548"/>
</testsuite> <!-- testcase.AssesmnetTest -->
